<?xml version="1.0" encoding="UTF-8"?>
<!-- Generated by org.testng.reporters.JUnitReportReporter -->
<testsuite hostname="LAPTOP-J5CQI8BE" failures="0" tests="1" name="DemoPackage.DemoTestng" time="0.051" errors="0" timestamp="2022-07-05T18:39:46 IST" skipped="0">
  <testcase classname="DemoPackage.DemoTestng" name="ankita" time="0.051"/>
  <system-out/>
</testsuite> <!-- DemoPackage.DemoTestng -->
