<?xml version="1.0" encoding="UTF-8"?>
<!-- Generated by org.testng.reporters.JUnitReportReporter -->
<testsuite hostname="LAPTOP-J5CQI8BE" failures="0" tests="1" name="DemoPackage.FreeLetics" time="25.170" errors="0" timestamp="2022-07-06T18:03:37 IST" skipped="0">
  <testcase classname="DemoPackage.FreeLetics" name="freeletics" time="25.170"/>
  <system-out/>
</testsuite> <!-- DemoPackage.FreeLetics -->
